\BOOKMARK [1][-]{section.1}{Introduction}{}% 1
\BOOKMARK [1][-]{section.2}{Data and Dataset Construction}{}% 2
\BOOKMARK [2][-]{subsection.2.1}{Data Sources}{section.2}% 3
\BOOKMARK [2][-]{subsection.2.2}{Integration and Cleaning}{section.2}% 4
\BOOKMARK [2][-]{subsection.2.3}{Dataset Characteristics}{section.2}% 5
\BOOKMARK [1][-]{section.3}{Features and Machine Learning Methods}{}% 6
\BOOKMARK [2][-]{subsection.3.1}{Feature Engineering}{section.3}% 7
\BOOKMARK [2][-]{subsection.3.2}{Models and Training Protocol}{section.3}% 8
\BOOKMARK [1][-]{section.4}{Results and Discussion}{}% 9
\BOOKMARK [2][-]{subsection.4.1}{Comprehensive Model Evaluation on Full Dataset}{section.4}% 10
\BOOKMARK [3][-]{subsubsection.4.1.1}{Key Findings}{subsection.4.1}% 11
\BOOKMARK [3][-]{subsubsection.4.1.2}{Model Suitability Analysis}{subsection.4.1}% 12
\BOOKMARK [3][-]{subsubsection.4.1.3}{Recommendations for Model Selection}{subsection.4.1}% 13
\BOOKMARK [1][-]{section.5}{Conclusion}{}% 14
\BOOKMARK [1][-]{section.6}{Model Training Results}{}% 15
\BOOKMARK [2][-]{subsection.6.1}{Performance Summary}{section.6}% 16
\BOOKMARK [2][-]{subsection.6.2}{Best Performing Model}{section.6}% 17
\BOOKMARK [2][-]{subsection.6.3}{Model-Specific Results}{section.6}% 18
\BOOKMARK [3][-]{subsubsection.6.3.1}{Graph Neural Network \(GNN\) Model}{subsection.6.3}% 19
\BOOKMARK [3][-]{subsubsection.6.3.2}{Transformer Model}{subsection.6.3}% 20
\BOOKMARK [2][-]{subsection.6.4}{Training History}{section.6}% 21
